T79BC 000:000.677   SEGGER J-Link V8.12c Log File
T79BC 000:000.874   DLL Compiled: Jan 22 2025 12:55:59
T79BC 000:000.884   Logging started @ 2025-05-09 00:25
T79BC 000:000.894   Process: C:\Users\artor\.eclipse\com.renesas.platform_15818172\DebugComp\RA\e2-server-gdb.exe
T79BC 000:000.910 - 0.903ms 
T79BC 000:000.931 JLINK_GetDLLVersion()
T79BC 000:000.945 - 0.013ms returns 81203
T79BC 000:004.356 JLINK_OpenEx(...)
T79BC 000:012.614   Firmware: J-Link OB-RA4M2 compiled Jan 22 2025 10:52:12
T79BC 000:013.229   Firmware: J-Link OB-RA4M2 compiled Jan 22 2025 10:52:12
T79BC 000:026.748   Hardware: V1.00
T79BC 000:026.767   S/N: 1088556465
T79BC 000:026.775   OEM: SEGGER
T79BC 000:026.783   Feature(s): None
T79BC 000:027.273   Bootloader: 2021 May 14
T79BC 000:027.626   USB speed mode: Full speed (12 MBit/s)
T79BC 000:027.924   TELNET listener socket opened on port 19021
T79BC 000:028.081   WEBSRV WEBSRV_Init(): Starting webserver thread(s)
T79BC 000:028.247   WEBSRV Webserver running on local port 19080
T79BC 000:028.362   Looking for J-Link GUI Server exe at: C:\Users\artor\.eclipse\com.renesas.platform_15818172\DebugComp\RA\ARM\Segger_v8.12.3\JLinkGUIServer.exe
T79BC 000:028.541   Looking for J-Link GUI Server exe at: \JLinkGUIServer.exe
T79BC 000:337.871   Failed to connect to J-Link GUI Server.
T79BC 000:337.920 - 333.545ms returns "O.K."
T79BC 000:338.063 JLINK_ExecCommand("ProjectFile=C:\Users\artor\OneDrive\workspace\RA0_TokenNet_Device-0/RA0_TokenNet_Device Debug_Flat.jlink", ...). 
T79BC 000:356.503 - 18.441ms returns 0x00
T79BC 000:356.922 JLINK_ExecCommand("device=R7FA0E107", ...). 
T79BC 000:357.730   Flash bank @ 0x00000000: SFL: Parsing sectorization info from ELF file
T79BC 000:357.743     FlashDevice.SectorInfo[0]: .SectorSize = 0x00000800, .SectorStartAddr = 0x00000000
T79BC 000:357.791   Flash bank @ 0x40100000: SFL: Parsing sectorization info from ELF file
T79BC 000:357.798     FlashDevice.SectorInfo[0]: .SectorSize = 0x00000100, .SectorStartAddr = 0x00000000
T79BC 000:357.806   FlashBank @0x40100000: Sectorization info from SFL ELF file ignored because sectorization override from DLL / XML file is active.
T79BC 000:357.818   Device "R7FA0E107" selected.
T79BC 000:358.089 - 1.156ms returns 0x00
T79BC 000:358.119 JLINK_ExecCommand("SetCPUConnectIDCODE = FFFFFFFFFFFFFFFFFFFFFFFFFFFFFFFF", ...). 
T79BC 000:358.128 - 0.002ms returns 0x00
T79BC 000:358.165 JLINK_TIF_GetAvailable(...)
T79BC 000:359.775 - 1.609ms 
T79BC 000:359.793 JLINK_TIF_Select(JLINKARM_TIF_SWD)
T79BC 000:360.644 - 0.850ms returns 0x00
T79BC 000:360.659 JLINK_SetSpeed(4000)
T79BC 000:360.793 - 0.135ms 
T79BC 000:360.807 JLINK_SetEndian(ARM_ENDIAN_LITTLE)
T79BC 000:360.812 - 0.005ms returns 0
T79BC 000:360.817 JLINK_SetInitRegsOnReset(OFF)
T79BC 000:360.821 - 0.004ms returns 1
T79BC 000:360.827 JLINK_SetResetType(JLINKARM_RESET_TYPE_NO_RESET)
T79BC 000:360.831 - 0.004ms returns JLINKARM_RESET_TYPE_NORMAL
T79BC 000:360.837 JLINK_ExecCommand("EnableFlashBPs", ...). 
T79BC 000:360.843 - 0.000ms returns 0x00
T79BC 000:360.849 JLINK_ExecCommand("SetAllowFlashCache = 1", ...). 
T79BC 000:360.855 - 0.000ms returns 0x01
T79BC 000:360.860 JLINK_ExecCommand("SetRestartOnClose = 0", ...). 
T79BC 000:360.867 - 0.001ms returns 0x01
T79BC 000:360.875 JLINK_EnableSoftBPs(ON)
T79BC 000:360.879 - 0.007ms 
T79BC 000:360.885 JLINK_Connect()
T79BC 000:361.609   InitTarget() start
T79BC 000:361.621    J-Link Script File: Executing InitTarget()
T79BC 000:361.631   Identifying target device...
T79BC 000:361.637   SWD selected. Executing JTAG -> SWD switching sequence...
T79BC 000:362.398   Initializing DAP...
T79BC 000:364.405   DAP initialized successfully.
T79BC 000:366.655   Low power mode detected. Waking device from low power mode.
T79BC 000:371.278   InitTarget() end - Took 9.65ms
T79BC 000:371.983   Found SW-DP with ID 0x5BA02477
T79BC 000:374.774   DPIDR: 0x5BA02477
T79BC 000:374.796   CoreSight SoC-400 or earlier
T79BC 000:374.807   Scanning AP map to find all available APs
T79BC 000:375.993   AP[2]: Stopped AP scan as end of AP map has been reached
T79BC 000:376.069   AP[0]: AHB-AP (IDR: 0x74770001, ADDR: 0x00000000)
T79BC 000:376.076   AP[1]: APB-AP (IDR: 0x44770002, ADDR: 0x01000000)
T79BC 000:376.083   Iterating through AP map to find AHB-AP to use
T79BC 000:377.446   AP[0]: Core found
T79BC 000:377.461   AP[0]: AHB-AP ROM base: 0x4001A000
T79BC 000:377.825   CPUID register: 0x411CD200. Implementer code: 0x41 (ARM)
T79BC 000:377.838   Feature set: Baseline
T79BC 000:378.363   Cache: No cache
T79BC 000:378.384   Found Cortex-M23 r1p0, Little endian.
T79BC 000:379.004   -- Max. mem block: 0x0001D7C8
T79BC 000:379.876   CPU_ReadMem(4 bytes @ 0xE000EDF0)
T79BC 000:380.480   CPU_ReadMem(4 bytes @ 0xE0002000)
T79BC 000:380.908   FPUnit: 4 code (BP) slots and 0 literal slots
T79BC 000:380.925   CPU_ReadMem(4 bytes @ 0xE000EDFC)
T79BC 000:381.356   CPU_ReadMem(4 bytes @ 0xE0001000)
T79BC 000:381.837   CPU_ReadMem(4 bytes @ 0xE0001000)
T79BC 000:382.368   CPU_ReadMem(4 bytes @ 0xE0001028)
T79BC 000:382.940   CPU_ReadMem(4 bytes @ 0xE0001038)
T79BC 000:383.592   CPU_WriteMem(4 bytes @ 0xE0001000)
T79BC 000:384.033   CPU_ReadMem(4 bytes @ 0xE000ED88)
T79BC 000:384.539   CPU_WriteMem(4 bytes @ 0xE000ED88)
T79BC 000:384.957   CPU_ReadMem(4 bytes @ 0xE000ED88)
T79BC 000:385.429   CPU_WriteMem(4 bytes @ 0xE000ED88)
T79BC 000:385.902   CPU_ReadMem(4 bytes @ 0xE000EFB8)
T79BC 000:386.380   Security extension: not implemented
T79BC 000:386.396   CoreSight components:
T79BC 000:386.403   ROMTbl[0] @ 4001A000
T79BC 000:386.409   CPU_ReadMem(64 bytes @ 0x4001A000)
T79BC 000:387.337   CPU_ReadMem(32 bytes @ 0xE000EFE0)
T79BC 000:388.099   CPU_ReadMem(4 bytes @ 0xE000EFBC)
T79BC 000:388.599   CPU_ReadMem(4 bytes @ 0xE000EFCC)
T79BC 000:389.145   [0][0]: E000E000 CID B105900D PID 000BBD20 DEVARCH 47702A04 DEVTYPE 00 Cortex-M23
T79BC 000:389.159   CPU_ReadMem(32 bytes @ 0xE0001FE0)
T79BC 000:389.771   CPU_ReadMem(4 bytes @ 0xE0001FBC)
T79BC 000:390.053   CPU_ReadMem(4 bytes @ 0xE0001FCC)
T79BC 000:390.561   [0][1]: E0001000 CID B105900D PID 000BBD20 DEVARCH 47701A02 DEVTYPE 00 DWT
T79BC 000:390.577   CPU_ReadMem(32 bytes @ 0xE0002FE0)
T79BC 000:391.145   CPU_ReadMem(4 bytes @ 0xE0002FBC)
T79BC 000:391.503   CPU_ReadMem(4 bytes @ 0xE0002FCC)
T79BC 000:391.949   [0][2]: E0002000 CID B105900D PID 000BBD20 DEVARCH 47701A03 DEVTYPE 00 FPB
T79BC 000:391.963   CPU_ReadMem(32 bytes @ 0x40019FE0)
T79BC 000:392.524   CPU_ReadMem(4 bytes @ 0x40019FBC)
T79BC 000:392.950   CPU_ReadMem(4 bytes @ 0x40019FCC)
T79BC 000:393.396   [0][3]: 40019000 CID B105900D PID 000BBD20 DEVARCH 47710A31 DEVTYPE 31 MTB
T79BC 000:393.445 - 32.559ms returns 0x00
T79BC 000:393.464 JLINK_Halt()
T79BC 000:396.530 - 3.066ms returns 0x00
T79BC 000:396.546 JLINK_IsHalted()
T79BC 000:396.561 - 0.014ms returns TRUE
T79BC 000:396.566 JLINK_ResetPullsRESET(ON)
T79BC 000:396.570 - 0.004ms 
T79BC 000:396.575 JLINK_Reset()
T79BC 000:396.589   JLINK_GetResetTypeDesc
T79BC 000:396.594   - 0.004ms 
T79BC 000:396.598   Reset type: CONNECT UNDER RESET (https://wiki.segger.com/J-Link_Reset_Strategies)
T79BC 000:396.606   CPU_WriteMem(4 bytes @ 0xE000EDF0)
T79BC 000:397.111   CPU_ReadMem(4 bytes @ 0xE000ED44)
T79BC 000:397.604   CPU_WriteMem(4 bytes @ 0xE000EDFC)
T79BC 000:398.126   Reset: Halt core after reset via DEMCR.VC_CORERESET.
T79BC 000:398.963   Reset: Reset device via AIRCR.SYSRESETREQ.
T79BC 000:398.980   CPU_WriteMem(4 bytes @ 0xE000ED0C)
T79BC 000:455.535   CPU_ReadMem(4 bytes @ 0xE000EDF0)
T79BC 000:455.958   CPU_ReadMem(4 bytes @ 0xE000EDF0)
T79BC 000:456.329   CPU_WriteMem(4 bytes @ 0xE000EDFC)
T79BC 000:462.538   CPU_ReadMem(4 bytes @ 0xE000EDF0)
T79BC 000:465.533   CPU_WriteMem(4 bytes @ 0xE0002000)
T79BC 000:465.824   CPU_ReadMem(4 bytes @ 0xE000EDFC)
T79BC 000:466.144   CPU_ReadMem(4 bytes @ 0xE0001000)
T79BC 000:466.430   CPU_WriteMem(4 bytes @ 0xE0001000)
T79BC 000:466.743   CPU_ReadMem(4 bytes @ 0xE000EE08)
T79BC 000:467.035 - 70.460ms 
T79BC 000:467.092 JLINK_ReadMem(0x01011080, 0x10 Bytes, ...)
T79BC 000:467.105   CPU_ReadMem(16 bytes @ 0x01011080)
T79BC 000:467.607   Data:  4A 46 43 33 37 30 31 45 30 41 46 37 52 20 20 20
T79BC 000:467.624 - 0.532ms returns 0
T79BC 000:468.061 JLINK_IsHalted()
T79BC 000:468.073 - 0.011ms returns TRUE
T79BC 000:468.391 JLINK_MeasureCPUSpeed(RAMAddr = 0xFFFFFFFF)
T79BC 000:468.402   CPU_ReadMem(16 bytes @ 0x20004000)
T79BC 000:468.877   CPU_ReadMem(64 bytes @ 0x20004000)
T79BC 000:469.648    -- Updating C cache (64 bytes @ 0x20004000)
T79BC 000:469.657    -- Read from C cache (6 bytes @ 0x20004000)
T79BC 000:469.666   CPU_ReadMem(4 bytes @ 0x40019004)
T79BC 000:469.956   CPU_ReadMem(4 bytes @ 0xE000ED90)
T79BC 000:470.242   CPU_WriteMem(16 bytes @ 0x20004000)
T79BC 000:470.586   CPU_WriteMem(6 bytes @ 0x20004000)
T79BC 000:470.923   CPU_ReadMem(64 bytes @ 0x20004000)
T79BC 000:471.560    -- Updating C cache (64 bytes @ 0x20004000)
T79BC 000:471.572    -- Read from C cache (6 bytes @ 0x20004000)
T79BC 000:471.587   CPU_ReadMem(4 bytes @ 0xE000EE08)
T79BC 000:471.820   CPU_WriteMem(4 bytes @ 0xE0002008)
T79BC 000:471.829   CPU_WriteMem(4 bytes @ 0xE000200C)
T79BC 000:471.835   CPU_WriteMem(4 bytes @ 0xE0002010)
T79BC 000:471.842   CPU_WriteMem(4 bytes @ 0xE0002014)
T79BC 000:477.847   CPU_WriteMem(4 bytes @ 0xE0002008)
T79BC 000:478.095   CPU_WriteMem(4 bytes @ 0xE000200C)
T79BC 000:478.381   CPU_WriteMem(4 bytes @ 0xE0002010)
T79BC 000:478.624   CPU_WriteMem(4 bytes @ 0xE0002014)
T79BC 000:478.880   CPU_ReadMem(4 bytes @ 0xE000EE08)
T79BC 000:479.199   CPU_ReadMem(4 bytes @ 0xE000EE08)
T79BC 000:479.504   CPU_ReadMem(4 bytes @ 0xE000EE08)
T79BC 000:505.445   CPU_WriteMem(6 bytes @ 0x20004000)
T79BC 000:505.866   ClockFreq: 4003350 Hz
T79BC 000:505.880 - 37.488ms returns 4003350
T79BC 000:505.903 JLINK_ReadReg(XPSR)
T79BC 000:505.913   CPU_ReadMem(4 bytes @ 0xE000EE08)
T79BC 000:506.304 - 0.400ms returns 0x41000000
T6B24 002:571.247 JLINK_ReadReg(XPSR)
T6B24 002:571.580   CPU_ReadMem(4 bytes @ 0xE000EE08)
T6B24 002:571.818 - 0.571ms returns 0x41000000
T6B24 002:625.232 JLINK_ReadReg(XPSR)
T6B24 002:625.273 - 0.041ms returns 0x41000000
T6B24 002:625.990 JLINK_ReadReg(XPSR)
T6B24 002:626.030 - 0.039ms returns 0x41000000
T6B24 002:735.247 JLINK_ResetPullsRESET(ON)
T6B24 002:735.296 - 0.048ms 
T6B24 002:735.308 JLINK_Halt()
T6B24 002:735.316 - 0.008ms returns 0x00
T6B24 002:735.324 JLINK_IsHalted()
T6B24 002:735.333 - 0.008ms returns TRUE
T6B24 002:735.340 JLINK_Reset()
T6B24 002:735.362   CPU_ReadMem(4 bytes @ 0x20004000)
T6B24 002:735.713   CPU_WriteMem(4 bytes @ 0x20004000)
T6B24 002:736.068   JLINK_GetResetTypeDesc
T6B24 002:736.091   - 0.023ms 
T6B24 002:736.100   Reset type: CONNECT UNDER RESET (https://wiki.segger.com/J-Link_Reset_Strategies)
T6B24 002:736.111   CPU_WriteMem(4 bytes @ 0xE000EDF0)
T6B24 002:736.417   CPU_ReadMem(4 bytes @ 0xE000ED44)
T6B24 002:736.744   CPU_WriteMem(4 bytes @ 0xE000EDFC)
T6B24 002:737.038   Reset: Halt core after reset via DEMCR.VC_CORERESET.
T6B24 002:737.465   Reset: Reset device via AIRCR.SYSRESETREQ.
T6B24 002:737.490   CPU_WriteMem(4 bytes @ 0xE000ED0C)
T6B24 002:790.730   CPU_ReadMem(4 bytes @ 0xE000EDF0)
T6B24 002:791.126   CPU_ReadMem(4 bytes @ 0xE000EDF0)
T6B24 002:791.495   CPU_WriteMem(4 bytes @ 0xE000EDFC)
T6B24 002:797.865   CPU_ReadMem(4 bytes @ 0xE000EDF0)
T6B24 002:800.816   CPU_WriteMem(4 bytes @ 0xE0002000)
T6B24 002:801.123   CPU_ReadMem(4 bytes @ 0xE000EDFC)
T6B24 002:801.401   CPU_ReadMem(4 bytes @ 0xE0001000)
T6B24 002:801.674   CPU_WriteMem(4 bytes @ 0xE0001000)
T6B24 002:801.960   CPU_ReadMem(4 bytes @ 0xE000EE08)
T6B24 002:802.250 - 66.908ms 
T6B24 002:802.270 JLINK_SetEndian(ARM_ENDIAN_LITTLE)
T6B24 002:802.279 - 0.008ms returns 0
T6B24 002:802.813 JLINK_BeginDownload(Flags = 0x00000000)
T6B24 002:802.825 - 0.012ms 
T6B24 002:830.019 JLINK_WriteMem(0x00000000, 0xBD0 Bytes, ...)
T6B24 002:830.042   Data:  E8 4B 00 20 91 02 00 00 9D 01 00 00 9F 02 00 00 ...
T6B24 002:830.286   completely In flash
T6B24 002:830.300 - 0.281ms returns 0xBD0
T6B24 002:830.681 JLINK_WriteMem(0x00000BD0, 0xBB0 Bytes, ...)
T6B24 002:830.700   Data:  5B B1 05 A8 02 90 03 91 1D 46 01 93 04 92 02 9B ...
T6B24 002:830.713   completely In flash
T6B24 002:830.722 - 0.041ms returns 0xBB0
T6B24 002:830.998 JLINK_WriteMem(0x00001780, 0xBB0 Bytes, ...)
T6B24 002:831.009   Data:  22 22 20 46 21 46 A8 47 DA 22 20 46 21 46 A8 47 ...
T6B24 002:831.020   completely In flash
T6B24 002:831.028 - 0.030ms returns 0xBB0
T6B24 002:831.280 JLINK_WriteMem(0x00002330, 0xBB0 Bytes, ...)
T6B24 002:831.291   Data:  90 47 00 28 00 D5 F4 E0 1A 98 40 1C 03 99 00 29 ...
T6B24 002:831.302   completely In flash
T6B24 002:831.310 - 0.030ms returns 0xBB0
T6B24 002:831.574 JLINK_WriteMem(0x00002EE0, 0xBC0 Bytes, ...)
T6B24 002:831.585   Data:  31 46 04 9D A9 41 5D 1E 0A 95 0D 46 09 90 85 41 ...
T6B24 002:831.595   completely In flash
T6B24 002:831.604 - 0.030ms returns 0xBC0
T6B24 002:831.863 JLINK_WriteMem(0x00003AA0, 0xBD0 Bytes, ...)
T6B24 002:831.874   Data:  00 00 C0 7F 80 B5 01 22 D2 07 51 40 FF F7 CC FC ...
T6B24 002:831.882   completely In flash
T6B24 002:831.891 - 0.028ms returns 0xBD0
T6B24 002:832.119 JLINK_WriteMem(0x00004670, 0xBF0 Bytes, ...)
T6B24 002:832.129   Data:  00 70 00 10 00 10 00 10 00 10 00 10 00 10 00 E0 ...
T6B24 002:832.140   completely In flash
T6B24 002:832.148 - 0.029ms returns 0xBF0
T6B24 002:832.399 JLINK_WriteMem(0x00005260, 0xBF0 Bytes, ...)
T6B24 002:832.414   Data:  00 3E 00 06 00 06 00 06 00 06 00 06 00 06 00 06 ...
T6B24 002:832.423   completely In flash
T6B24 002:832.432 - 0.033ms returns 0xBF0
T6B24 002:832.708 JLINK_WriteMem(0x00005E50, 0xBE0 Bytes, ...)
T6B24 002:832.720   Data:  0F 3C 00 00 00 00 00 00 00 00 00 00 00 00 00 00 ...
T6B24 002:832.731   completely In flash
T6B24 002:832.740 - 0.032ms returns 0xBE0
T6B24 002:832.911 JLINK_WriteMem(0x00006A30, 0x1C4 Bytes, ...)
T6B24 002:832.923   Data:  F5 2E 6E 4D AE B1 01 00 C9 EA 26 83 67 78 08 00 ...
T6B24 002:832.934   completely In flash
T6B24 002:832.943 - 0.032ms returns 0x1C4
T6B24 002:833.114 JLINK_WriteMem(0x00006BF4, 0x50 Bytes, ...)
T6B24 002:833.127   Data:  01 00 00 00 28 0A 32 04 0A 01 E8 03 46 00 46 00 ...
T6B24 002:833.140   completely In flash
T6B24 002:833.149 - 0.035ms returns 0x50
T6B24 002:833.311 JLINK_WriteMem(0x00006C44, 0x1 Bytes, ...)
T6B24 002:833.322   Data:  FF
T6B24 002:833.336   completely In flash
T6B24 002:833.344 - 0.033ms returns 0x1
T6B24 002:833.518 JLINK_WriteMem(0x01010018, 0x1C Bytes, ...)
T6B24 002:833.527   Data:  FF FF FF FF FF FF FF FF FF FF FF FF FF FF FF FF ...
T6B24 002:833.975   CPU_ReadMem(4 bytes @ 0x40019004)
T6B24 002:834.298   CPU_ReadMem(4 bytes @ 0xE000ED90)
T6B24 002:834.608    -- --------------------------------------
T6B24 002:834.627    -- Start of determining flash info (Bank @ 0x00000000)
T6B24 002:834.638    -- End of determining flash info
T6B24 002:834.648    -- Start of determining dirty areas in flash cache
T6B24 002:834.658    -- Filling invalid ranges in sector buffer (flash cache) for sector @ 0x00000000 if necessary
T6B24 002:834.668    -- Filling invalid ranges in sector buffer (flash cache) for sector @ 0x00000800 if necessary
T6B24 002:834.677    -- Filling invalid ranges in sector buffer (flash cache) for sector @ 0x00001000 if necessary
T6B24 002:834.687    -- Filling invalid ranges in sector buffer (flash cache) for sector @ 0x00001800 if necessary
T6B24 002:834.697    -- Filling invalid ranges in sector buffer (flash cache) for sector @ 0x00002000 if necessary
T6B24 002:834.706    -- Filling invalid ranges in sector buffer (flash cache) for sector @ 0x00002800 if necessary
T6B24 002:834.716    -- Filling invalid ranges in sector buffer (flash cache) for sector @ 0x00003000 if necessary
T6B24 002:834.726    -- Filling invalid ranges in sector buffer (flash cache) for sector @ 0x00003800 if necessary
T6B24 002:834.735    -- Filling invalid ranges in sector buffer (flash cache) for sector @ 0x00004000 if necessary
T6B24 002:834.745    -- Filling invalid ranges in sector buffer (flash cache) for sector @ 0x00004800 if necessary
T6B24 002:834.822    -- Filling invalid ranges in sector buffer (flash cache) for sector @ 0x00005000 if necessary
T6B24 002:834.832    -- Filling invalid ranges in sector buffer (flash cache) for sector @ 0x00005800 if necessary
T6B24 002:834.842    -- Filling invalid ranges in sector buffer (flash cache) for sector @ 0x00006000 if necessary
T6B24 002:834.855    -- Filling invalid ranges in sector buffer (flash cache) for sector @ 0x00006800 if necessary
T6B24 002:834.873    -- End of determining dirty areas
T6B24 002:834.882    -- Start of preparing flash programming
T6B24 002:834.892    -- Preparing RAMCode
T6B24 002:834.901    -- Calculating RAM usage
T6B24 002:834.910    -- RAM usage = 10904 Bytes
T6B24 002:834.919    -- Preserving CPU registers
T6B24 002:835.240    -- Preparing memory
T6B24 002:835.256    -- Determining CPU clock frequency
T6B24 002:869.877    -- CPU frequency = 4002 kHz
T6B24 002:869.920    -- Preparing target
T6B24 002:869.933    -- Preserving target RAM temporarily used for programming
T6B24 002:926.298    -- Downloading RAMCode
T6B24 002:948.148    -- Initializing RAMCode (InitType: 3 = Verify)
T6B24 002:948.191    -- Executing Init(3)
T6B24 002:962.588    -- End of preparing flash programming
T6B24 002:962.617   
  ***** Warning: 
T6B24 002:962.625   CPU is running at low speed (4002 kHz).
T6B24 002:962.632    -- CPU is running at 4002 kHz.
T6B24 002:962.641    -- Start of comparing flash
T6B24 002:962.650    -- CRC check was estimated as fastest method
T6B24 002:962.661    -- Comparing range 0x0000 - 0x6FFF (14 Sectors, 28 KB), using single-block CRC calculation
T6B24 003:122.687    -- CRC matches
T6B24 003:122.721    -- Comparing range 0x0000 - 0x6FFF (14 Sectors, 28 KB), using alternative single-block CRC calculation
T6B24 003:284.073    -- CRC matches
T6B24 003:284.115    -- End of comparing flash
T6B24 003:284.130    -- Start of erasing sectors
T6B24 003:284.143    -- End of erasing sectors
T6B24 003:284.155    -- Start of flash programming
T6B24 003:284.168    -- End of flash programming
T6B24 003:284.179    -- Start of verifying flash
T6B24 003:284.188    -- End of verifying flash
T6B24 003:284.200    -- Start of restoring
T6B24 003:284.213    -- Executing UnInit()
T6B24 003:294.265    -- Restoring target memory
T6B24 003:338.570    -- Restoring CPU registers
T6B24 003:339.038    -- End of restoring
T6B24 003:339.068    -- Bank 0 @ 0x00000000: Skipped. Contents already match
T6B24 003:339.078    -- Bank 0 @ 0x00000000: Skipped. Contents already match
T6B24 003:341.006   CPU_WriteMem(28 bytes @ 0x01010018)
T6B24 003:341.573 - 508.055ms returns 0x1C
T6B24 003:350.655 JLINK_EndDownload()
T6B24 003:350.696 - 0.040ms returns 0 (0x0)
T6B24 003:350.920 JLINK_WriteReg(R15 (PC), 0x00000290)
T6B24 003:350.943 - 0.023ms returns 0
T6B24 003:350.953 JLINK_WriteReg(XPSR, 0x01000000)
T6B24 003:350.962 - 0.009ms returns 0
T6B24 003:351.434 JLINK_ResetPullsRESET(ON)
T6B24 003:351.462 - 0.028ms 
T6B24 003:351.471 JLINK_Halt()
T6B24 003:351.992 - 0.519ms returns 0x00
T6B24 003:352.026 JLINK_IsHalted()
T6B24 003:352.036 - 0.009ms returns TRUE
T6B24 003:352.046 JLINK_Reset()
T6B24 003:352.060   CPU_ReadMem(4 bytes @ 0x01010018)
T6B24 003:352.452   CPU_WriteMem(4 bytes @ 0x01010018)
T6B24 003:352.946   JLINK_GetResetTypeDesc
T6B24 003:352.961   - 0.015ms 
T6B24 003:352.969   Reset type: CONNECT UNDER RESET (https://wiki.segger.com/J-Link_Reset_Strategies)
T6B24 003:352.979   CPU_WriteMem(4 bytes @ 0xE000EDF0)
T6B24 003:353.305   CPU_ReadMem(4 bytes @ 0xE000ED44)
T6B24 003:353.646   CPU_WriteMem(4 bytes @ 0xE000EDFC)
T6B24 003:353.982   Reset: Halt core after reset via DEMCR.VC_CORERESET.
T6B24 003:354.474   Reset: Reset device via AIRCR.SYSRESETREQ.
T6B24 003:354.491   CPU_WriteMem(4 bytes @ 0xE000ED0C)
T6B24 003:409.561   CPU_ReadMem(4 bytes @ 0xE000EDF0)
T6B24 003:410.056   CPU_ReadMem(4 bytes @ 0xE000EDF0)
T6B24 003:410.492   CPU_WriteMem(4 bytes @ 0xE000EDFC)
T6B24 003:416.944   CPU_ReadMem(4 bytes @ 0xE000EDF0)
T6B24 003:420.306   CPU_WriteMem(4 bytes @ 0xE0002000)
T6B24 003:420.767   CPU_ReadMem(4 bytes @ 0xE000EDFC)
T6B24 003:421.221   CPU_ReadMem(4 bytes @ 0xE0001000)
T6B24 003:421.677   CPU_WriteMem(4 bytes @ 0xE0001000)
T6B24 003:422.143   CPU_ReadMem(4 bytes @ 0xE000EE08)
T6B24 003:422.598 - 70.551ms 
T6B24 003:422.624 JLINK_SetEndian(ARM_ENDIAN_LITTLE)
T6B24 003:422.630 - 0.006ms returns 0
T6B24 003:449.738 JLINK_ReadReg(XPSR)
T6B24 003:449.778   CPU_ReadMem(4 bytes @ 0xE000EE08)
T6B24 003:450.128 - 0.389ms returns 0x41000000
T6B24 003:450.848 JLINK_ReadMem(0x00000280, 0x40 Bytes, ...)
T6B24 003:450.869    -- Read from flash cache (64 bytes @ 0x00000280)
T6B24 003:450.897   Data:  B9 FF 20 46 D0 BC 02 BC 8E 46 FF F7 D9 BF 70 47 ...
T6B24 003:450.908 - 0.060ms returns 0
T6B24 003:474.635 JLINK_ReadReg(XPSR)
T6B24 003:474.687 - 0.052ms returns 0x41000000
T6B24 003:475.606 JLINK_ReadMem(0x00000280, 0x40 Bytes, ...)
T6B24 003:475.629    -- Read from flash cache (64 bytes @ 0x00000280)
T6B24 003:475.642   Data:  B9 FF 20 46 D0 BC 02 BC 8E 46 FF F7 D9 BF 70 47 ...
T6B24 003:475.653 - 0.047ms returns 0
T6B24 003:585.882 JLINK_ReadReg(XPSR)
T6B24 003:585.933 - 0.051ms returns 0x41000000
T6B24 003:675.556 JLINK_GetNumBPUnits(Type = 0xFFFFFF00)
T6B24 003:675.592 - 0.035ms returns 0x04
T6B24 003:675.598 JLINK_GetNumWPUnits()
T6B24 003:675.604 - 0.005ms returns 2
T6B24 003:675.610 JLINK_GetNumWPUnits()
T6B24 003:675.615 - 0.005ms returns 2
T6B24 003:675.624 JLINK_GetNumBPUnits(Type = 0xFFFFFF00)
T6B24 003:675.630 - 0.005ms returns 0x04
T6B24 003:675.636 JLINK_GetNumWPUnits()
T6B24 003:675.641 - 0.005ms returns 2
T6B24 003:675.647 JLINK_GetNumWPUnits()
T6B24 003:675.652 - 0.005ms returns 2
T6B24 003:675.661 JLINK_GetNumBPUnits(Type = 0xFFFFFF00)
T6B24 003:675.666 - 0.005ms returns 0x04
T6B24 003:675.672 JLINK_GetNumWPUnits()
T6B24 003:675.677 - 0.005ms returns 2
T6B24 003:675.683 JLINK_GetNumWPUnits()
T6B24 003:675.688 - 0.005ms returns 2
T6B24 003:675.728 JLINK_SetBPEx(Addr = 0x00000A64, Type = 0xFFFFFF00)
T6B24 003:675.740 - 0.012ms returns 0x00000001
T6B24 003:675.748 JLINK_ClrBPEx(BPHandle = 0x00000001)
T6B24 003:675.754 - 0.006ms returns 0x00
T6B24 003:918.158 JLINK_ReadMem(0x00000A40, 0x40 Bytes, ...)
T6B24 003:918.264    -- Read from flash cache (64 bytes @ 0x00000A40)
T6B24 003:918.284   Data:  90 C0 7E 40 40 B1 00 79 04 49 08 70 08 78 03 28 ...
T6B24 003:918.304 - 0.146ms returns 0
T6B24 003:918.840 JLINK_SetBPEx(Addr = 0x00000A68, Type = 0xFFFFFF00)
T6B24 003:918.882 - 0.042ms returns 0x00000002
T6B24 003:972.685 JLINK_ReadRegs(NumRegs = 22)
T6B24 003:972.748   
  R0 (0)        = 0x40044400           R1 (1)        = 0x00                 R2 (2)        = 0x00                 R3 (3)        = 0xF7              
  R4 (4)        = 0x20006A88           R5 (5)        = 0x00                 R6 (6)        = 0x20006A28           R7 (7)        = 0xFFFFFFFF        
  R8 (8)        = 0x931D2CEF           R9 (9)        = 0x40008658           R10 (10)      = 0xDAFB341F           R11 (11)      = 0x8FBF3A50        
  R12 (12)      = 0xDBF69E1F           R13 (SP) (13) = 0x20004BE8           R14 (14)      = 0x20004281           R15 (PC) (15) = 0x290             
  XPSR (16)     = 0x41000000           MSP (17)      = 0x20004BE8           PSP (18)      = 0x2E92AD90           MSPLIM (86)   = 0x00              
  PSPLIM (87)   = 0x00                 CFBP (20)     = 0x00              
T6B24 003:972.759 - 0.074ms returns 0x00
T6B24 003:973.138 JLINK_ReadReg(XPSR)
T6B24 003:973.544 - 0.406ms returns 0x41000000
T6B24 003:974.313 JLINK_ReadMem(0x00000280, 0x40 Bytes, ...)
T6B24 003:974.339    -- Read from flash cache (64 bytes @ 0x00000280)
T6B24 003:974.348   Data:  B9 FF 20 46 D0 BC 02 BC 8E 46 FF F7 D9 BF 70 47 ...
T6B24 003:974.371 - 0.043ms returns 0
T4A18 004:114.428 JLINK_GetNumBPUnits(Type = 0xFFFFFF00)
T4A18 004:114.467 - 0.039ms returns 0x04
T4A18 004:114.475 JLINK_GetNumWPUnits()
T4A18 004:114.481 - 0.006ms returns 2
T4A18 004:114.488 JLINK_GetNumWPUnits()
T4A18 004:114.496 - 0.007ms returns 2
T4A18 004:115.040 JLINK_GetNumBPUnits(Type = 0xFFFFFF00)
T4A18 004:115.053 - 0.013ms returns 0x04
T4A18 004:115.059 JLINK_GetNumWPUnits()
T4A18 004:115.064 - 0.004ms returns 2
T4A18 004:115.068 JLINK_GetNumWPUnits()
T4A18 004:115.073 - 0.004ms returns 2
T4A18 004:115.838 JLINK_GetNumBPUnits(Type = 0xFFFFFF00)
T4A18 004:115.861 - 0.024ms returns 0x04
T4A18 004:115.871 JLINK_GetNumWPUnits()
T4A18 004:115.891 - 0.020ms returns 2
T4A18 004:115.898 JLINK_GetNumWPUnits()
T4A18 004:115.903 - 0.005ms returns 2
T4A18 004:116.583 JLINK_GetNumBPUnits(Type = 0xFFFFFF00)
T4A18 004:116.604 - 0.021ms returns 0x04
T4A18 004:116.614 JLINK_GetNumWPUnits()
T4A18 004:116.632 - 0.020ms returns 2
T4A18 004:116.640 JLINK_GetNumWPUnits()
T4A18 004:116.646 - 0.006ms returns 2
T4A18 004:117.223 JLINK_GetNumBPUnits(Type = 0xFFFFFF00)
T4A18 004:117.241 - 0.018ms returns 0x04
T4A18 004:117.252 JLINK_GetNumWPUnits()
T4A18 004:117.260 - 0.010ms returns 2
T4A18 004:117.268 JLINK_GetNumWPUnits()
T4A18 004:117.276 - 0.007ms returns 2
T4A18 004:117.612 JLINK_GetNumBPUnits(Type = 0xFFFFFF00)
T4A18 004:117.624 - 0.012ms returns 0x04
T4A18 004:117.632 JLINK_GetNumWPUnits()
T4A18 004:117.639 - 0.006ms returns 2
T4A18 004:117.646 JLINK_GetNumWPUnits()
T4A18 004:117.653 - 0.006ms returns 2
T4A18 004:117.942 JLINK_GetNumBPUnits(Type = 0xFFFFFF00)
T4A18 004:117.954 - 0.011ms returns 0x04
T4A18 004:117.962 JLINK_GetNumWPUnits()
T4A18 004:117.970 - 0.007ms returns 2
T4A18 004:117.977 JLINK_GetNumWPUnits()
T4A18 004:117.984 - 0.006ms returns 2
T4A18 004:118.210 JLINK_GetNumBPUnits(Type = 0xFFFFFF00)
T4A18 004:118.236 - 0.023ms returns 0x04
T4A18 004:118.245 JLINK_GetNumWPUnits()
T4A18 004:118.253 - 0.007ms returns 2
T4A18 004:118.264 JLINK_GetNumWPUnits()
T4A18 004:118.272 - 0.007ms returns 2
T6B24 004:175.444 JLINK_ReadMem(0x00000280, 0x40 Bytes, ...)
T6B24 004:175.466    -- Read from flash cache (64 bytes @ 0x00000280)
T6B24 004:175.474   Data:  B9 FF 20 46 D0 BC 02 BC 8E 46 FF F7 D9 BF 70 47 ...
T6B24 004:175.480 - 0.037ms returns 0
T6B24 004:253.712 JLINK_ReadReg(XPSR)
T6B24 004:253.749 - 0.036ms returns 0x41000000
T6B24 004:254.305 JLINK_ReadReg(XPSR)
T6B24 004:254.325 - 0.020ms returns 0x41000000
T6B24 004:687.347 JLINK_STRACE_Read(..., NumItems = 0x10000)
T6B24 004:687.431   Initializing trace type buffer with configured Coresight trace components (* indicates set/detected address):
T6B24 004:687.437     TF:   0x00000000
T6B24 004:687.442     TMC:  0x00000000
T6B24 004:687.447     ETB:  0x00000000
T6B24 004:687.456    *MTB:  0x40019000
T6B24 004:687.460     TPIU: 0x00000000
T6B24 004:687.465     ETM:  0x00000000
T6B24 004:687.469     STM:  0x00000000
T6B24 004:687.474     PTM:  0x00000000
T6B24 004:687.701 - 0.354ms NumItemsRead = 0x00
T6B24 004:687.748 JLINK_IsHalted()
T6B24 004:688.053 - 0.304ms returns TRUE
T6B24 004:688.067 JLINK_STRACE_Read(..., NumItems = 0x10000)
T6B24 004:688.074 - 0.006ms NumItemsRead = 0x00
T6B24 004:688.083 JLINK_GoEx(MaxEmulInsts = 0, Flags = 0x01)
T6B24 004:688.100   CPU_WriteMem(4 bytes @ 0xE0002000)
T6B24 004:688.665   CPU_ReadMem(4 bytes @ 0xE0001000)
T6B24 004:689.006   CPU_WriteMem(4 bytes @ 0xE0001000)
T6B24 004:689.501   CPU_WriteMem(4 bytes @ 0xE0002008)
T6B24 004:689.517   CPU_WriteMem(4 bytes @ 0xE000200C)
T6B24 004:689.525   CPU_WriteMem(4 bytes @ 0xE0002010)
T6B24 004:689.532   CPU_WriteMem(4 bytes @ 0xE0002014)
T6B24 004:690.466   CPU_WriteMem(4 bytes @ 0xE0001004)
T6B24 004:693.337   Memory map 'after startup completion point' is active
T6B24 004:693.353 - 5.270ms 
T6B24 004:794.752 JLINK_IsHalted()
T6B24 004:797.881 - 3.128ms returns TRUE
T6B24 004:797.938 JLINK_ReadReg(XPSR)
T6B24 004:797.951   CPU_ReadMem(4 bytes @ 0xE000EE08)
T6B24 004:798.450 - 0.511ms returns 0x61000000
T6B24 004:798.465 JLINK_ReadReg(R15 (PC))
T6B24 004:798.472 - 0.006ms returns 0x00000A68
T6B24 004:798.481 JLINK_ReadReg(XPSR)
T6B24 004:798.485 - 0.004ms returns 0x61000000
T6B24 004:798.490 JLINK_ReadReg(XPSR)
T6B24 004:798.494 - 0.004ms returns 0x61000000
T6B24 004:798.502 JLINK_ReadReg(R15 (PC))
T6B24 004:798.509 - 0.006ms returns 0x00000A68
T6B24 004:798.513 JLINK_ReadReg(XPSR)
T6B24 004:798.517 - 0.004ms returns 0x61000000
T6B24 004:798.522 JLINK_ReadReg(XPSR)
T6B24 004:798.527 - 0.004ms returns 0x61000000
T6B24 004:798.532 JLINK_ReadMem(0x00000A68, 0x1 Bytes, ...)
T6B24 004:798.538    -- Read from flash cache (1 bytes @ 0x00000A68)
T6B24 004:798.544   Data:  FF
T6B24 004:798.550 - 0.018ms returns 0
T6B24 004:798.555 JLINK_IsHalted()
T6B24 004:798.559 - 0.004ms returns TRUE
T6B24 004:798.563 JLINK_ReadReg(XPSR)
T6B24 004:798.568 - 0.004ms returns 0x61000000
T6B24 004:798.572 JLINK_ReadReg(XPSR)
T6B24 004:798.577 - 0.004ms returns 0x61000000
T6B24 004:798.581 JLINK_ReadReg(R15 (PC))
T6B24 004:798.585 - 0.004ms returns 0x00000A68
T6B24 004:798.590 JLINK_ReadReg(XPSR)
T6B24 004:798.594 - 0.004ms returns 0x61000000
T6B24 004:798.599 JLINK_ReadReg(XPSR)
T6B24 004:798.603 - 0.004ms returns 0x61000000
T6B24 004:798.607 JLINK_ReadMem(0x00000A68, 0x1 Bytes, ...)
T6B24 004:798.611    -- Read from flash cache (1 bytes @ 0x00000A68)
T6B24 004:798.617   Data:  FF
T6B24 004:798.623 - 0.015ms returns 0
T6B24 004:798.689 JLINK_IsHalted()
T6B24 004:798.694 - 0.005ms returns TRUE
T6B24 004:798.699 JLINK_ReadReg(XPSR)
T6B24 004:798.706 - 0.007ms returns 0x61000000
T6B24 004:798.711 JLINK_ReadReg(R15 (PC))
T6B24 004:798.716 - 0.004ms returns 0x00000A68
T6B24 004:798.722 JLINK_ReadReg(XPSR)
T6B24 004:798.727 - 0.004ms returns 0x61000000
T6B24 004:798.732 JLINK_ReadReg(XPSR)
T6B24 004:798.737 - 0.004ms returns 0x61000000
T6B24 004:798.742 JLINK_ReadReg(R15 (PC))
T6B24 004:798.746 - 0.004ms returns 0x00000A68
T6B24 004:798.752 JLINK_ReadReg(XPSR)
T6B24 004:798.757 - 0.004ms returns 0x61000000
T6B24 004:798.761 JLINK_ReadReg(XPSR)
T6B24 004:798.766 - 0.004ms returns 0x61000000
T6B24 004:798.772 JLINK_ReadMem(0x00000A68, 0x1 Bytes, ...)
T6B24 004:798.777    -- Read from flash cache (1 bytes @ 0x00000A68)
T6B24 004:798.783   Data:  FF
T6B24 004:798.789 - 0.017ms returns 0
T6B24 004:798.795 JLINK_IsHalted()
T6B24 004:798.799 - 0.003ms returns TRUE
T6B24 004:798.803 JLINK_ReadReg(XPSR)
T6B24 004:798.808 - 0.004ms returns 0x61000000
T6B24 004:798.812 JLINK_ReadReg(XPSR)
T6B24 004:798.817 - 0.004ms returns 0x61000000
T6B24 004:798.821 JLINK_ReadReg(R15 (PC))
T6B24 004:798.825 - 0.004ms returns 0x00000A68
T6B24 004:798.830 JLINK_ReadReg(XPSR)
T6B24 004:798.835 - 0.004ms returns 0x61000000
T6B24 004:798.847 JLINK_ReadReg(XPSR)
T6B24 004:798.853 - 0.006ms returns 0x61000000
T6B24 004:798.857 JLINK_ReadMem(0x00000A68, 0x1 Bytes, ...)
T6B24 004:798.861    -- Read from flash cache (1 bytes @ 0x00000A68)
T6B24 004:798.867   Data:  FF
T6B24 004:798.873 - 0.015ms returns 0
T6B24 004:799.786 JLINK_ReadRegs(NumRegs = 22)
T6B24 004:799.821   
  R0 (0)        = 0x00                 R1 (1)        = 0x299                R2 (2)        = 0x80                 R3 (3)        = 0xF7              
  R4 (4)        = 0x20006A88           R5 (5)        = 0x00                 R6 (6)        = 0x20006A28           R7 (7)        = 0x20004BD8        
  R8 (8)        = 0x931D2CEF           R9 (9)        = 0x40008658           R10 (10)      = 0xDAFB341F           R11 (11)      = 0x8FBF3A50        
  R12 (12)      = 0xDBF69E1F           R13 (SP) (13) = 0x20004BD8           R14 (14)      = 0x29D                R15 (PC) (15) = 0xA68             
  XPSR (16)     = 0x61000000           MSP (17)      = 0x20004BD8           PSP (18)      = 0x2E92AD90           MSPLIM (86)   = 0x00              
  PSPLIM (87)   = 0x00                 CFBP (20)     = 0x00              
T6B24 004:799.829 - 0.043ms returns 0x00
T6B24 004:800.492 JLINK_ReadReg(XPSR)
T6B24 004:800.509 - 0.016ms returns 0x61000000
T6B24 004:801.121 JLINK_ReadMem(0x00000A40, 0x40 Bytes, ...)
T6B24 004:801.139    -- Read from flash cache (64 bytes @ 0x00000A40)
T6B24 004:801.148   Data:  90 C0 7E 40 40 B1 00 79 04 49 08 70 08 78 03 28 ...
T6B24 004:801.157 - 0.036ms returns 0
T6B24 004:802.031 JLINK_ClrBPEx(BPHandle = 0x00000002)
T6B24 004:802.178 - 0.146ms returns 0x00
T6B24 004:828.326 JLINK_ReadMem(0x00000A40, 0x40 Bytes, ...)
T6B24 004:828.373    -- Read from flash cache (64 bytes @ 0x00000A40)
T6B24 004:828.398   Data:  90 C0 7E 40 40 B1 00 79 04 49 08 70 08 78 03 28 ...
T6B24 004:828.410 - 0.085ms returns 0
T6B24 004:937.266 JLINK_STRACE_Read(..., NumItems = 0x10000)
T6B24 004:937.302 - 0.036ms NumItemsRead = 0x00
T6B24 004:937.316 JLINK_IsHalted()
T6B24 004:937.324 - 0.008ms returns TRUE
T6B24 004:937.331 JLINK_STRACE_Read(..., NumItems = 0x10000)
T6B24 004:937.337 - 0.005ms NumItemsRead = 0x00
T6B24 004:937.345 JLINK_GoEx(MaxEmulInsts = 0, Flags = 0x01)
T6B24 004:937.365   CPU_ReadMem(4 bytes @ 0xE0001000)
T6B24 004:937.708   CPU_WriteMem(4 bytes @ 0xE0002008)
T6B24 004:938.517 - 1.172ms 
T6B24 005:044.894 JLINK_IsHalted()
T6B24 005:045.649 - 0.755ms returns FALSE
T6B24 005:045.675 JLINK_IsHalted()
T6B24 005:046.123 - 0.447ms returns FALSE
T6B24 005:153.873 JLINK_IsHalted()
T6B24 005:154.447 - 0.573ms returns FALSE
T6B24 005:154.473 JLINK_IsHalted()
T6B24 005:154.991 - 0.516ms returns FALSE
T6B24 005:263.238 JLINK_IsHalted()
T6B24 005:263.709 - 0.470ms returns FALSE
T6B24 005:263.746 JLINK_IsHalted()
T6B24 005:264.262 - 0.514ms returns FALSE
T6B24 005:373.164 JLINK_IsHalted()
T6B24 005:373.695 - 0.530ms returns FALSE
T6B24 005:373.717 JLINK_IsHalted()
T6B24 005:374.169 - 0.450ms returns FALSE
T6B24 005:482.107 JLINK_IsHalted()
T6B24 005:482.596 - 0.489ms returns FALSE
T6B24 005:482.619 JLINK_IsHalted()
T6B24 005:483.033 - 0.414ms returns FALSE
T6B24 005:591.504 JLINK_IsHalted()
T6B24 005:592.050 - 0.516ms returns FALSE
T6B24 005:592.064 JLINK_IsHalted()
T6B24 005:592.411 - 0.346ms returns FALSE
T6B24 005:701.367 JLINK_IsHalted()
T6B24 005:701.834 - 0.467ms returns FALSE
T6B24 005:701.860 JLINK_IsHalted()
T6B24 005:702.355 - 0.493ms returns FALSE
T4A18 005:804.099 JLINK_IsHalted()
T4A18 005:804.601 - 0.500ms returns FALSE
T4A18 005:804.627 JLINK_IsHalted()
T4A18 005:805.073 - 0.445ms returns FALSE
T6B24 005:810.417 JLINK_IsHalted()
T6B24 005:812.220 - 1.802ms returns FALSE
T6B24 005:812.235 JLINK_IsHalted()
T6B24 005:812.737 - 0.501ms returns FALSE
T6B24 005:920.262 JLINK_IsHalted()
T6B24 005:920.681 - 0.418ms returns FALSE
T6B24 005:920.727 JLINK_IsHalted()
T6B24 005:921.132 - 0.403ms returns FALSE
T4A18 005:938.425 JLINK_IsHalted()
T4A18 005:938.877 - 0.446ms returns FALSE
T4A18 005:938.923 JLINK_IsHalted()
T4A18 005:939.453 - 0.530ms returns FALSE
T6B24 006:029.102 JLINK_IsHalted()
T6B24 006:029.617 - 0.513ms returns FALSE
T6B24 006:029.642 JLINK_IsHalted()
T6B24 006:029.993 - 0.349ms returns FALSE
T6B24 006:138.497 JLINK_IsHalted()
T6B24 006:138.997 - 0.499ms returns FALSE
T6B24 006:139.013 JLINK_IsHalted()
T6B24 006:139.536 - 0.523ms returns FALSE
T6B24 006:248.567 JLINK_IsHalted()
T6B24 006:249.177 - 0.610ms returns FALSE
T6B24 006:249.203 JLINK_IsHalted()
T6B24 006:249.665 - 0.460ms returns FALSE
T6B24 006:357.288 JLINK_IsHalted()
T6B24 006:357.773 - 0.485ms returns FALSE
T6B24 006:357.803 JLINK_IsHalted()
T6B24 006:358.549 - 0.745ms returns FALSE
T6B24 006:466.665 JLINK_IsHalted()
T6B24 006:467.194 - 0.527ms returns FALSE
T6B24 006:467.208 JLINK_IsHalted()
T6B24 006:467.587 - 0.377ms returns FALSE
T6B24 006:576.464 JLINK_IsHalted()
T6B24 006:577.118 - 0.652ms returns FALSE
T6B24 006:577.154 JLINK_IsHalted()
T6B24 006:577.613 - 0.457ms returns FALSE
T6B24 006:686.036 JLINK_IsHalted()
T6B24 006:686.615 - 0.578ms returns FALSE
T6B24 006:686.679 JLINK_IsHalted()
T6B24 006:687.255 - 0.575ms returns FALSE
T6B24 006:795.415 JLINK_IsHalted()
T6B24 006:795.959 - 0.542ms returns FALSE
T6B24 006:795.990 JLINK_IsHalted()
T6B24 006:796.416 - 0.423ms returns FALSE
T6B24 006:904.387 JLINK_IsHalted()
T6B24 006:904.987 - 0.599ms returns FALSE
T6B24 006:905.011 JLINK_IsHalted()
T6B24 006:905.539 - 0.527ms returns FALSE
T4A18 006:940.637 JLINK_IsHalted()
T4A18 006:941.154 - 0.515ms returns FALSE
T4A18 006:941.173 JLINK_IsHalted()
T4A18 006:941.590 - 0.416ms returns FALSE
T6B24 007:013.287 JLINK_IsHalted()
T6B24 007:013.812 - 0.524ms returns FALSE
T6B24 007:013.832 JLINK_IsHalted()
T6B24 007:014.277 - 0.444ms returns FALSE
T6B24 007:123.305 JLINK_IsHalted()
T6B24 007:123.912 - 0.595ms returns FALSE
T6B24 007:123.947 JLINK_IsHalted()
T6B24 007:124.373 - 0.425ms returns FALSE
T6B24 007:232.578 JLINK_IsHalted()
T6B24 007:233.272 - 0.692ms returns FALSE
T6B24 007:233.315 JLINK_IsHalted()
T6B24 007:233.929 - 0.613ms returns FALSE
T6B24 007:341.998 JLINK_IsHalted()
T6B24 007:342.493 - 0.493ms returns FALSE
T6B24 007:342.528 JLINK_IsHalted()
T6B24 007:342.983 - 0.454ms returns FALSE
T6B24 007:450.755 JLINK_IsHalted()
T6B24 007:451.344 - 0.588ms returns FALSE
T6B24 007:451.377 JLINK_IsHalted()
T6B24 007:451.858 - 0.463ms returns FALSE
T6B24 007:560.245 JLINK_IsHalted()
T6B24 007:560.743 - 0.497ms returns FALSE
T6B24 007:560.762 JLINK_IsHalted()
T6B24 007:561.141 - 0.377ms returns FALSE
T6B24 007:670.222 JLINK_IsHalted()
T6B24 007:670.685 - 0.462ms returns FALSE
T6B24 007:670.727 JLINK_IsHalted()
T6B24 007:671.240 - 0.512ms returns FALSE
T6B24 007:779.491 JLINK_IsHalted()
T6B24 007:780.083 - 0.591ms returns FALSE
T6B24 007:780.113 JLINK_IsHalted()
T6B24 007:780.561 - 0.446ms returns FALSE
T6B24 007:888.404 JLINK_IsHalted()
T6B24 007:888.956 - 0.551ms returns FALSE
T6B24 007:888.983 JLINK_IsHalted()
T6B24 007:889.497 - 0.512ms returns FALSE
T4A18 007:941.644 JLINK_IsHalted()
T4A18 007:942.134 - 0.490ms returns FALSE
T4A18 007:942.161 JLINK_IsHalted()
T4A18 007:942.603 - 0.440ms returns FALSE
T6B24 007:997.678 JLINK_IsHalted()
T6B24 007:998.337 - 0.657ms returns FALSE
T6B24 007:998.362 JLINK_IsHalted()
T6B24 007:998.848 - 0.484ms returns FALSE
T6B24 008:107.201 JLINK_IsHalted()
T6B24 008:107.739 - 0.536ms returns FALSE
T6B24 008:107.771 JLINK_IsHalted()
T6B24 008:108.142 - 0.369ms returns FALSE
T6B24 008:216.922 JLINK_IsHalted()
T6B24 008:217.433 - 0.509ms returns FALSE
T6B24 008:217.483 JLINK_IsHalted()
T6B24 008:217.976 - 0.491ms returns FALSE
T6B24 008:326.418 JLINK_IsHalted()
T6B24 008:326.971 - 0.552ms returns FALSE
T6B24 008:327.000 JLINK_IsHalted()
T6B24 008:327.485 - 0.483ms returns FALSE
T6B24 008:435.796 JLINK_IsHalted()
T6B24 008:436.348 - 0.551ms returns FALSE
T6B24 008:436.371 JLINK_IsHalted()
T6B24 008:436.854 - 0.481ms returns FALSE
T6B24 008:544.501 JLINK_IsHalted()
T6B24 008:545.023 - 0.521ms returns FALSE
T6B24 008:545.039 JLINK_IsHalted()
T6B24 008:545.494 - 0.454ms returns FALSE
T6B24 008:654.464 JLINK_IsHalted()
T6B24 008:654.920 - 0.455ms returns FALSE
T6B24 008:654.936 JLINK_IsHalted()
T6B24 008:655.303 - 0.366ms returns FALSE
T6B24 008:763.463 JLINK_IsHalted()
T6B24 008:763.901 - 0.437ms returns FALSE
T6B24 008:763.918 JLINK_IsHalted()
T6B24 008:764.330 - 0.411ms returns FALSE
T6B24 008:873.497 JLINK_IsHalted()
T6B24 008:873.877 - 0.378ms returns FALSE
T6B24 008:873.894 JLINK_IsHalted()
T6B24 008:874.242 - 0.346ms returns FALSE
T4A18 008:942.639 JLINK_IsHalted()
T4A18 008:943.042 - 0.401ms returns FALSE
T4A18 008:943.059 JLINK_IsHalted()
T4A18 008:943.456 - 0.396ms returns FALSE
T6B24 008:982.468 JLINK_IsHalted()
T6B24 008:983.060 - 0.591ms returns FALSE
T6B24 008:983.074 JLINK_IsHalted()
T6B24 008:983.544 - 0.469ms returns FALSE
T6B24 009:091.494 JLINK_IsHalted()
T6B24 009:091.903 - 0.408ms returns FALSE
T6B24 009:091.920 JLINK_IsHalted()
T6B24 009:092.326 - 0.405ms returns FALSE
T6B24 009:201.476 JLINK_IsHalted()
T6B24 009:201.987 - 0.511ms returns FALSE
T6B24 009:202.036 JLINK_IsHalted()
T6B24 009:202.495 - 0.458ms returns FALSE
T6B24 009:310.415 JLINK_IsHalted()
T6B24 009:310.849 - 0.433ms returns FALSE
T6B24 009:310.866 JLINK_IsHalted()
T6B24 009:311.256 - 0.390ms returns FALSE
T6B24 009:419.442 JLINK_IsHalted()
T6B24 009:419.844 - 0.401ms returns FALSE
T6B24 009:419.862 JLINK_IsHalted()
T6B24 009:420.230 - 0.368ms returns FALSE
T6B24 009:529.484 JLINK_IsHalted()
T6B24 009:529.900 - 0.415ms returns FALSE
T6B24 009:529.918 JLINK_IsHalted()
T6B24 009:530.306 - 0.387ms returns FALSE
T6B24 009:638.402 JLINK_IsHalted()
T6B24 009:638.843 - 0.440ms returns FALSE
T6B24 009:638.864 JLINK_IsHalted()
T6B24 009:639.258 - 0.392ms returns FALSE
T6B24 009:748.399 JLINK_IsHalted()
T6B24 009:748.776 - 0.390ms returns FALSE
T6B24 009:748.802 JLINK_IsHalted()
T6B24 009:749.133 - 0.330ms returns FALSE
T6B24 009:857.535 JLINK_IsHalted()
T6B24 009:858.184 - 0.648ms returns FALSE
T6B24 009:858.214 JLINK_IsHalted()
T6B24 009:858.690 - 0.474ms returns FALSE
T4A18 009:944.320 JLINK_IsHalted()
T4A18 009:946.084 - 1.763ms returns FALSE
T4A18 009:946.110 JLINK_IsHalted()
T4A18 009:946.553 - 0.442ms returns FALSE
T6B24 009:966.974 JLINK_IsHalted()
T6B24 009:967.605 - 0.630ms returns FALSE
T6B24 009:967.621 JLINK_IsHalted()
T6B24 009:968.080 - 0.458ms returns FALSE
T6B24 010:076.059 JLINK_IsHalted()
T6B24 010:076.490 - 0.430ms returns FALSE
T6B24 010:076.507 JLINK_IsHalted()
T6B24 010:076.975 - 0.467ms returns FALSE
T6B24 010:185.875 JLINK_IsHalted()
T6B24 010:186.519 - 0.643ms returns FALSE
T6B24 010:186.549 JLINK_IsHalted()
T6B24 010:186.962 - 0.412ms returns FALSE
T6B24 010:294.840 JLINK_IsHalted()
T6B24 010:295.455 - 0.614ms returns FALSE
T6B24 010:295.487 JLINK_IsHalted()
T6B24 010:295.931 - 0.442ms returns FALSE
T6B24 010:403.950 JLINK_IsHalted()
T6B24 010:404.538 - 0.588ms returns FALSE
T6B24 010:404.570 JLINK_IsHalted()
T6B24 010:405.139 - 0.568ms returns FALSE
T2364 010:487.407   
  ***** Error: Connection to emulator lost!
T6B24 010:513.984 JLINK_IsHalted()
T6B24 010:514.000 - 0.016ms returns ERROR
T6B24 010:514.006 JLINK_IsHalted()
T6B24 010:514.010 - 0.004ms returns ERROR
T79BC 010:517.048 JLINK_Halt()
T79BC 010:517.065 - 0.016ms returns 0x00
T79BC 010:517.073 JLINK_ReadReg(XPSR)
T79BC 010:517.078 - 0.004ms returns 0x00000000
T79BC 010:523.128 JLINK_Close()
T79BC 010:533.976 - 10.847ms
T79BC 010:533.993   
T79BC 010:533.997   Closed
